<?xml version="1.0" encoding="UTF-8"?>
<!-- Generated by org.testng.reporters.JUnitXMLReporter -->
<testsuite hostname="PDCDT01GY4ZVQ1" ignored="1" name="Test" tests="21" failures="9" timestamp="27 Jan 2020 10:32:08 GMT" time="372.023" errors="0">
  <testcase name="ScenarioFive" time="0.283" classname="com.amazon.testspage.LoginTest">
    <failure type="java.lang.NullPointerException">
      <![CDATA[java.lang.NullPointerException
at com.amazon.testspage.LoginTest.ScenarioFive(LoginTest.java:259)
... Removed 25 stack frames]]>
    </failure>
  </testcase> <!-- ScenarioFive -->
  <testcase name="ScenarioFour" time="0.004" classname="com.amazon.testspage.LoginTest">
    <failure type="java.lang.NullPointerException">
      <![CDATA[java.lang.NullPointerException
at com.amazon.testspage.LoginTest.ScenarioFour(LoginTest.java:235)
... Removed 25 stack frames]]>
    </failure>
  </testcase> <!-- ScenarioFour -->
  <testcase name="ScenarioOne" time="0.002" classname="com.amazon.testspage.LoginTest">
    <failure type="java.lang.NullPointerException">
      <![CDATA[java.lang.NullPointerException
at com.amazon.testspage.LoginTest.screencapture(LoginTest.java:423)
at com.amazon.testspage.LoginTest.ScenarioOne(LoginTest.java:77)
... Removed 25 stack frames]]>
    </failure>
  </testcase> <!-- ScenarioOne -->
  <testcase name="ScenarioSeven" time="0.004" classname="com.amazon.testspage.LoginTest">
    <failure type="java.lang.NullPointerException">
      <![CDATA[java.lang.NullPointerException
at com.amazon.testspage.LoginTest.ScenarioSeven(LoginTest.java:361)
... Removed 25 stack frames]]>
    </failure>
  </testcase> <!-- ScenarioSeven -->
  <testcase name="ScenarioSix" time="0.002" classname="com.amazon.testspage.LoginTest">
    <failure type="java.lang.NullPointerException">
      <![CDATA[java.lang.NullPointerException
at com.amazon.testspage.LoginTest.ScenarioSix(LoginTest.java:288)
... Removed 25 stack frames]]>
    </failure>
  </testcase> <!-- ScenarioSix -->
  <testcase name="ScenarioThree" time="0.002" classname="com.amazon.testspage.LoginTest">
    <failure type="java.lang.NullPointerException">
      <![CDATA[java.lang.NullPointerException
at com.amazon.testspage.LoginTest.ScenarioThree(LoginTest.java:191)
... Removed 25 stack frames]]>
    </failure>
  </testcase> <!-- ScenarioThree -->
  <testcase name="ScenarioTwo" time="0.002" classname="com.amazon.testspage.LoginTest">
    <failure type="java.lang.NullPointerException">
      <![CDATA[java.lang.NullPointerException
at com.amazon.testspage.LoginTest.ScenarioTwo(LoginTest.java:162)
... Removed 25 stack frames]]>
    </failure>
  </testcase> <!-- ScenarioTwo -->
  <testcase name="ScenarioFive" time="3.659" classname="com.amazon.testspage.RegistrationTest"/>
  <testcase name="ScenarioFour" time="1.789" classname="com.amazon.testspage.RegistrationTest"/>
  <testcase name="ScenarioOne" time="34.603" classname="com.amazon.testspage.RegistrationTest"/>
  <testcase name="ScenarioSeven" time="14.453" classname="com.amazon.testspage.RegistrationTest"/>
  <testcase name="ScenarioSix" time="9.045" classname="com.amazon.testspage.RegistrationTest">
    <failure type="org.openqa.selenium.NoSuchElementException" message="no such element: Unable to locate element: {&amp;quot;method&amp;quot;:&amp;quot;xpath&amp;quot;,&amp;quot;selector&amp;quot;:&amp;quot;//div[@id=&amp;apos;authportal-main-section&amp;apos;]//p[contains(text(),&amp;apos;already exists&amp;apos;)]&amp;quot;}
  (Session info: chrome=79.0.3945.130)
For documentation on this error, please visit: https://www.seleniumhq.org/exceptions/no_such_element.html
Build info: version: &amp;apos;3.141.59&amp;apos;, revision: &amp;apos;e82be7d358&amp;apos;, time: &amp;apos;2018-11-14T08:17:03&amp;apos;
System info: host: &amp;apos;PDCDT01GY4ZVQ1&amp;apos;, ip: &amp;apos;192.168.2.3&amp;apos;, os.name: &amp;apos;Windows 7&amp;apos;, os.arch: &amp;apos;amd64&amp;apos;, os.version: &amp;apos;6.1&amp;apos;, java.version: &amp;apos;1.8.0_231&amp;apos;
Driver info: org.openqa.selenium.chrome.ChromeDriver
Capabilities {acceptInsecureCerts: false, browserName: chrome, browserVersion: 79.0.3945.130, chrome: {chromedriverVersion: 79.0.3945.36 (3582db32b3389..., userDataDir: C:\Users\P10404~1.PDC\AppDa...}, goog:chromeOptions: {debuggerAddress: localhost:57709}, javascriptEnabled: true, networkConnectionEnabled: false, pageLoadStrategy: normal, platform: WINDOWS, platformName: WINDOWS, proxy: Proxy(), setWindowRect: true, strictFileInteractability: false, timeouts: {implicit: 0, pageLoad: 300000, script: 30000}, unhandledPromptBehavior: dismiss and notify}
Session ID: fb9e4c6c6c618abd0d9becf529512f00
*** Element info: {Using=xpath, value=//div[@id=&amp;apos;authportal-main-section&amp;apos;]//p[contains(text(),&amp;apos;already exists&amp;apos;)]}">
      <![CDATA[org.openqa.selenium.NoSuchElementException: no such element: Unable to locate element: {"method":"xpath","selector":"//div[@id='authportal-main-section']//p[contains(text(),'already exists')]"}
  (Session info: chrome=79.0.3945.130)
For documentation on this error, please visit: https://www.seleniumhq.org/exceptions/no_such_element.html
Build info: version: '3.141.59', revision: 'e82be7d358', time: '2018-11-14T08:17:03'
System info: host: 'PDCDT01GY4ZVQ1', ip: '192.168.2.3', os.name: 'Windows 7', os.arch: 'amd64', os.version: '6.1', java.version: '1.8.0_231'
Driver info: org.openqa.selenium.chrome.ChromeDriver
Capabilities {acceptInsecureCerts: false, browserName: chrome, browserVersion: 79.0.3945.130, chrome: {chromedriverVersion: 79.0.3945.36 (3582db32b3389..., userDataDir: C:\Users\P10404~1.PDC\AppDa...}, goog:chromeOptions: {debuggerAddress: localhost:57709}, javascriptEnabled: true, networkConnectionEnabled: false, pageLoadStrategy: normal, platform: WINDOWS, platformName: WINDOWS, proxy: Proxy(), setWindowRect: true, strictFileInteractability: false, timeouts: {implicit: 0, pageLoad: 300000, script: 30000}, unhandledPromptBehavior: dismiss and notify}
Session ID: fb9e4c6c6c618abd0d9becf529512f00
*** Element info: {Using=xpath, value=//div[@id='authportal-main-section']//p[contains(text(),'already exists')]}
at org.openqa.selenium.remote.http.W3CHttpResponseCodec.createException(W3CHttpResponseCodec.java:187)
at org.openqa.selenium.remote.http.W3CHttpResponseCodec.decode(W3CHttpResponseCodec.java:122)
at org.openqa.selenium.remote.http.W3CHttpResponseCodec.decode(W3CHttpResponseCodec.java:49)
at org.openqa.selenium.remote.HttpCommandExecutor.execute(HttpCommandExecutor.java:158)
at org.openqa.selenium.remote.service.DriverCommandExecutor.execute(DriverCommandExecutor.java:83)
at org.openqa.selenium.remote.RemoteWebDriver.execute(RemoteWebDriver.java:552)
at org.openqa.selenium.remote.RemoteWebDriver.findElement(RemoteWebDriver.java:323)
at org.openqa.selenium.remote.RemoteWebDriver.findElementByXPath(RemoteWebDriver.java:428)
at org.openqa.selenium.By$ByXPath.findElement(By.java:353)
at org.openqa.selenium.remote.RemoteWebDriver.findElement(RemoteWebDriver.java:315)
at org.openqa.selenium.support.pagefactory.DefaultElementLocator.findElement(DefaultElementLocator.java:69)
at org.openqa.selenium.support.pagefactory.internal.LocatingElementHandler.invoke(LocatingElementHandler.java:38)
at com.sun.proxy.$Proxy13.getText(Unknown Source)
at com.amazon.pages.RegistrationPage.RegisMob(RegistrationPage.java:185)
at com.amazon.testspage.RegistrationTest.ScenarioSix(RegistrationTest.java:343)
... Removed 29 stack frames]]>
    </failure>
  </testcase> <!-- ScenarioSix -->
  <testcase name="ScenarioThree" time="20.643" classname="com.amazon.testspage.RegistrationTest"/>
  <testcase name="ScenarioTwo" time="18.574" classname="com.amazon.testspage.RegistrationTest"/>
  <testcase name="ScenarioFive" time="3.765" classname="com.amazon.testspage.LoginTest"/>
  <testcase name="ScenarioFour" time="0.734" classname="com.amazon.testspage.LoginTest"/>
  <testcase name="ScenarioOne" time="31.403" classname="com.amazon.testspage.LoginTest"/>
  <testcase name="ScenarioSeven" time="1.225" classname="com.amazon.testspage.LoginTest"/>
  <testcase name="ScenarioSix" time="23.333" classname="com.amazon.testspage.LoginTest">
    <failure type="org.openqa.selenium.NoSuchElementException" message="no such element: Unable to locate element: {&amp;quot;method&amp;quot;:&amp;quot;xpath&amp;quot;,&amp;quot;selector&amp;quot;:&amp;quot;//a[@id=&amp;apos;nav-link-accountList&amp;apos;]/span[contains(text(),&amp;apos;Hello,&amp;apos;)]&amp;quot;}
  (Session info: chrome=79.0.3945.130)
For documentation on this error, please visit: https://www.seleniumhq.org/exceptions/no_such_element.html
Build info: version: &amp;apos;3.141.59&amp;apos;, revision: &amp;apos;e82be7d358&amp;apos;, time: &amp;apos;2018-11-14T08:17:03&amp;apos;
System info: host: &amp;apos;PDCDT01GY4ZVQ1&amp;apos;, ip: &amp;apos;192.168.2.3&amp;apos;, os.name: &amp;apos;Windows 7&amp;apos;, os.arch: &amp;apos;amd64&amp;apos;, os.version: &amp;apos;6.1&amp;apos;, java.version: &amp;apos;1.8.0_231&amp;apos;
Driver info: org.openqa.selenium.chrome.ChromeDriver
Capabilities {acceptInsecureCerts: false, browserName: chrome, browserVersion: 79.0.3945.130, chrome: {chromedriverVersion: 79.0.3945.36 (3582db32b3389..., userDataDir: C:\Users\P10404~1.PDC\AppDa...}, goog:chromeOptions: {debuggerAddress: localhost:57760}, javascriptEnabled: true, networkConnectionEnabled: false, pageLoadStrategy: normal, platform: WINDOWS, platformName: WINDOWS, proxy: Proxy(), setWindowRect: true, strictFileInteractability: false, timeouts: {implicit: 0, pageLoad: 300000, script: 30000}, unhandledPromptBehavior: dismiss and notify}
Session ID: ba6e03412310c41395411846b1e0c51d
*** Element info: {Using=xpath, value=//a[@id=&amp;apos;nav-link-accountList&amp;apos;]/span[contains(text(),&amp;apos;Hello,&amp;apos;)]}">
      <![CDATA[org.openqa.selenium.NoSuchElementException: no such element: Unable to locate element: {"method":"xpath","selector":"//a[@id='nav-link-accountList']/span[contains(text(),'Hello,')]"}
  (Session info: chrome=79.0.3945.130)
For documentation on this error, please visit: https://www.seleniumhq.org/exceptions/no_such_element.html
Build info: version: '3.141.59', revision: 'e82be7d358', time: '2018-11-14T08:17:03'
System info: host: 'PDCDT01GY4ZVQ1', ip: '192.168.2.3', os.name: 'Windows 7', os.arch: 'amd64', os.version: '6.1', java.version: '1.8.0_231'
Driver info: org.openqa.selenium.chrome.ChromeDriver
Capabilities {acceptInsecureCerts: false, browserName: chrome, browserVersion: 79.0.3945.130, chrome: {chromedriverVersion: 79.0.3945.36 (3582db32b3389..., userDataDir: C:\Users\P10404~1.PDC\AppDa...}, goog:chromeOptions: {debuggerAddress: localhost:57760}, javascriptEnabled: true, networkConnectionEnabled: false, pageLoadStrategy: normal, platform: WINDOWS, platformName: WINDOWS, proxy: Proxy(), setWindowRect: true, strictFileInteractability: false, timeouts: {implicit: 0, pageLoad: 300000, script: 30000}, unhandledPromptBehavior: dismiss and notify}
Session ID: ba6e03412310c41395411846b1e0c51d
*** Element info: {Using=xpath, value=//a[@id='nav-link-accountList']/span[contains(text(),'Hello,')]}
at org.openqa.selenium.remote.http.W3CHttpResponseCodec.createException(W3CHttpResponseCodec.java:187)
at org.openqa.selenium.remote.http.W3CHttpResponseCodec.decode(W3CHttpResponseCodec.java:122)
at org.openqa.selenium.remote.http.W3CHttpResponseCodec.decode(W3CHttpResponseCodec.java:49)
at org.openqa.selenium.remote.HttpCommandExecutor.execute(HttpCommandExecutor.java:158)
at org.openqa.selenium.remote.service.DriverCommandExecutor.execute(DriverCommandExecutor.java:83)
at org.openqa.selenium.remote.RemoteWebDriver.execute(RemoteWebDriver.java:552)
at org.openqa.selenium.remote.RemoteWebDriver.findElement(RemoteWebDriver.java:323)
at org.openqa.selenium.remote.RemoteWebDriver.findElementByXPath(RemoteWebDriver.java:428)
at org.openqa.selenium.By$ByXPath.findElement(By.java:353)
at org.openqa.selenium.remote.RemoteWebDriver.findElement(RemoteWebDriver.java:315)
at org.openqa.selenium.support.pagefactory.DefaultElementLocator.findElement(DefaultElementLocator.java:69)
at org.openqa.selenium.support.pagefactory.internal.LocatingElementHandler.invoke(LocatingElementHandler.java:38)
at com.sun.proxy.$Proxy13.getText(Unknown Source)
at com.amazon.pages.VerifyUserLoggedInPage.Verifylogin(VerifyUserLoggedInPage.java:33)
at com.amazon.testspage.LoginTest.ScenarioSix(LoginTest.java:329)
... Removed 29 stack frames]]>
    </failure>
  </testcase> <!-- ScenarioSix -->
  <testcase name="ScenarioThree" time="19.0" classname="com.amazon.testspage.LoginTest"/>
  <testcase name="ScenarioTwo" time="1.811" classname="com.amazon.testspage.LoginTest"/>
  <testcase name="@AfterSuite afterSuite" time="0.0" classname="com.amazon.testspage.LoginTest">
    <ignored/>
  </testcase> <!-- @AfterSuite afterSuite -->
</testsuite> <!-- Test -->
